[0m15:46:38.529644 [debug] [MainThread]: Sending event: {'category': 'dbt', 'action': 'invocation', 'label': 'start', 'context': [<snowplow_tracker.self_describing_json.SelfDescribingJson object at 0x103c43620>, <snowplow_tracker.self_describing_json.SelfDescribingJson object at 0x10633f750>, <snowplow_tracker.self_describing_json.SelfDescribingJson object at 0x10633f9d0>]}


============================== 15:46:38.569087 | d7eced60-c86f-4f75-ab93-d3fa35fb419c ==============================
[0m15:46:38.569087 [info ] [MainThread]: Running with dbt=1.11.2
[0m15:46:38.569613 [debug] [MainThread]: running dbt with arguments {'no_print': 'None', 'fail_fast': 'False', 'write_json': 'True', 'target_path': 'None', 'printer_width': '80', 'use_experimental_parser': 'False', 'version_check': 'True', 'log_path': 'logs', 'profiles_dir': '/Users/elenezuroshvili/.dbt', 'warn_error': 'None', 'indirect_selection': 'eager', 'static_parser': 'True', 'cache_selected_only': 'False', 'log_cache_events': 'False', 'send_anonymous_usage_stats': 'True', 'invocation_command': 'dbt init --skip-profile-setup airbnb', 'partial_parse': 'True', 'introspect': 'True', 'warn_error_options': 'WarnErrorOptionsV2(error=[], warn=[], silence=[])', 'debug': 'False', 'use_colors': 'True', 'empty': 'None', 'log_format': 'default', 'quiet': 'False'}
[0m15:46:38.669353 [info ] [MainThread]: Creating dbt configuration folder at /Users/elenezuroshvili/.dbt
[0m15:46:38.671457 [debug] [MainThread]: Starter project path: /Users/elenezuroshvili/Desktop/dbt-student-repo/.venv/lib/python3.13/site-packages/dbt/include/starter_project
[0m15:46:38.676829 [info ] [MainThread]: 
Your new dbt project "airbnb" was created!

For more information on how to configure the profiles.yml file,
please consult the dbt documentation here:

  https://docs.getdbt.com/docs/configure-your-profile

One more thing:

Need help? Don't hesitate to reach out to us via GitHub issues or on Slack:

  https://community.getdbt.com/

Happy modeling!

[0m15:46:38.679715 [debug] [MainThread]: Resource report: {"command_name": "init", "command_success": true, "command_wall_clock_time": 0.22905567, "process_in_blocks": "0", "process_kernel_time": 0.574373, "process_mem_max_rss": "143441920", "process_out_blocks": "0", "process_user_time": 2.751653}
[0m15:46:38.680311 [debug] [MainThread]: Command `dbt init` succeeded at 15:46:38.680212 after 0.23 seconds
[0m15:46:38.680637 [debug] [MainThread]: Sending event: {'category': 'dbt', 'action': 'invocation', 'label': 'end', 'context': [<snowplow_tracker.self_describing_json.SelfDescribingJson object at 0x1064f0180>, <snowplow_tracker.self_describing_json.SelfDescribingJson object at 0x106445130>, <snowplow_tracker.self_describing_json.SelfDescribingJson object at 0x106167790>]}
[0m15:46:38.680950 [debug] [MainThread]: Flushing usage events
[0m15:46:39.292762 [debug] [MainThread]: An error was encountered while trying to flush usage events
[0m15:50:49.702691 [debug] [MainThread]: Sending event: {'category': 'dbt', 'action': 'invocation', 'label': 'start', 'context': [<snowplow_tracker.self_describing_json.SelfDescribingJson object at 0x10786e900>, <snowplow_tracker.self_describing_json.SelfDescribingJson object at 0x108873610>, <snowplow_tracker.self_describing_json.SelfDescribingJson object at 0x108873750>]}


============================== 15:50:49.706790 | b8de7c7a-7849-4c8d-b785-b3e6f568f4e8 ==============================
[0m15:50:49.706790 [info ] [MainThread]: Running with dbt=1.11.2
[0m15:50:49.707274 [debug] [MainThread]: running dbt with arguments {'empty': 'None', 'printer_width': '80', 'cache_selected_only': 'False', 'log_cache_events': 'False', 'target_path': 'None', 'send_anonymous_usage_stats': 'True', 'version_check': 'True', 'use_experimental_parser': 'False', 'profiles_dir': '/Users/elenezuroshvili/.dbt', 'log_format': 'default', 'partial_parse': 'True', 'indirect_selection': 'eager', 'warn_error': 'None', 'static_parser': 'True', 'warn_error_options': 'WarnErrorOptionsV2(error=[], warn=[], silence=[])', 'use_colors': 'True', 'no_print': 'None', 'fail_fast': 'False', 'write_json': 'True', 'quiet': 'False', 'invocation_command': 'dbt debug', 'log_path': 'logs', 'debug': 'False', 'introspect': 'True'}
[0m15:50:49.725234 [info ] [MainThread]: dbt version: 1.11.2
[0m15:50:49.725594 [info ] [MainThread]: python version: 3.13.3
[0m15:50:49.725823 [info ] [MainThread]: python path: /Users/elenezuroshvili/Desktop/dbt-student-repo/.venv/bin/python
[0m15:50:49.726027 [info ] [MainThread]: os info: macOS-14.0-arm64-arm-64bit-Mach-O
[0m15:50:49.726252 [info ] [MainThread]: Using profiles dir at /Users/elenezuroshvili/.dbt
[0m15:50:49.726445 [info ] [MainThread]: Using profiles.yml file at /Users/elenezuroshvili/.dbt/profiles.yml
[0m15:50:49.726630 [info ] [MainThread]: Using dbt_project.yml file at /Users/elenezuroshvili/Desktop/dbt-student-repo/dbt_project.yml
[0m15:50:49.726838 [info ] [MainThread]: Configuration:
[0m15:50:49.727026 [info ] [MainThread]:   profiles.yml file [[31mERROR not found[0m]
[0m15:50:49.727215 [info ] [MainThread]:   dbt_project.yml file [[31mERROR not found[0m]
[0m15:50:49.727390 [info ] [MainThread]: Required dependencies:
[0m15:50:49.727630 [debug] [MainThread]: Executing "git --help"
[0m15:50:49.749609 [debug] [MainThread]: STDOUT: "b"usage: git [-v | --version] [-h | --help] [-C <path>] [-c <name>=<value>]\n           [--exec-path[=<path>]] [--html-path] [--man-path] [--info-path]\n           [-p | --paginate | -P | --no-pager] [--no-replace-objects] [--bare]\n           [--git-dir=<path>] [--work-tree=<path>] [--namespace=<name>]\n           [--super-prefix=<path>] [--config-env=<name>=<envvar>]\n           <command> [<args>]\n\nThese are common Git commands used in various situations:\n\nstart a working area (see also: git help tutorial)\n   clone     Clone a repository into a new directory\n   init      Create an empty Git repository or reinitialize an existing one\n\nwork on the current change (see also: git help everyday)\n   add       Add file contents to the index\n   mv        Move or rename a file, a directory, or a symlink\n   restore   Restore working tree files\n   rm        Remove files from the working tree and from the index\n\nexamine the history and state (see also: git help revisions)\n   bisect    Use binary search to find the commit that introduced a bug\n   diff      Show changes between commits, commit and working tree, etc\n   grep      Print lines matching a pattern\n   log       Show commit logs\n   show      Show various types of objects\n   status    Show the working tree status\n\ngrow, mark and tweak your common history\n   branch    List, create, or delete branches\n   commit    Record changes to the repository\n   merge     Join two or more development histories together\n   rebase    Reapply commits on top of another base tip\n   reset     Reset current HEAD to the specified state\n   switch    Switch branches\n   tag       Create, list, delete or verify a tag object signed with GPG\n\ncollaborate (see also: git help workflows)\n   fetch     Download objects and refs from another repository\n   pull      Fetch from and integrate with another repository or a local branch\n   push      Update remote refs along with associated objects\n\n'git help -a' and 'git help -g' list available subcommands and some\nconcept guides. See 'git help <command>' or 'git help <concept>'\nto read about a specific subcommand or concept.\nSee 'git help git' for an overview of the system.\n""
[0m15:50:49.750317 [debug] [MainThread]: STDERR: "b''"
[0m15:50:49.750594 [info ] [MainThread]:  - git [[32mOK found[0m]

[0m15:50:49.750852 [info ] [MainThread]: Connection test skipped since no profile was found
[0m15:50:49.751236 [info ] [MainThread]: [31m2 checks failed:[0m
[0m15:50:49.751626 [info ] [MainThread]: dbt looked for a profiles.yml file in /Users/elenezuroshvili/.dbt/profiles.yml, but did
not find one. For more information on configuring your profile, consult the
documentation:

https://docs.getdbt.com/docs/configure-your-profile


[0m15:50:49.751964 [info ] [MainThread]: Project loading failed for the following reason:
 project path </Users/elenezuroshvili/Desktop/dbt-student-repo/dbt_project.yml> not found

[0m15:50:49.754143 [debug] [MainThread]: Resource report: {"command_name": "debug", "command_success": false, "command_wall_clock_time": 0.12815991, "process_in_blocks": "0", "process_kernel_time": 0.181321, "process_mem_max_rss": "107659264", "process_out_blocks": "0", "process_user_time": 1.14507}
[0m15:50:49.754623 [debug] [MainThread]: Command `dbt debug` failed at 15:50:49.754538 after 0.13 seconds
[0m15:50:49.755009 [debug] [MainThread]: Sending event: {'category': 'dbt', 'action': 'invocation', 'label': 'end', 'context': [<snowplow_tracker.self_describing_json.SelfDescribingJson object at 0x10888e520>, <snowplow_tracker.self_describing_json.SelfDescribingJson object at 0x10874dc70>, <snowplow_tracker.self_describing_json.SelfDescribingJson object at 0x1086efce0>]}
[0m15:50:49.755360 [debug] [MainThread]: Flushing usage events
[0m15:50:50.489878 [debug] [MainThread]: An error was encountered while trying to flush usage events
